  GSPlay.cpp
e:\20201\thuctapgameloft\programming_lesson_06\trainingframework\src\gamestates\gsplay.cpp(34): warning C4244: 'argument': conversion from 'int' to 'GLfloat', possible loss of data
e:\20201\thuctapgameloft\programming_lesson_06\trainingframework\src\gamestates\gsplay.cpp(47): warning C4244: 'argument': conversion from 'int' to 'GLfloat', possible loss of data
c:\program files (x86)\microsoft visual studio 14.0\vc\include\memory(901): warning C4244: 'argument': conversion from 'double' to 'float', possible loss of data
  c:\program files (x86)\microsoft visual studio 14.0\vc\include\memory(971): note: see reference to function template instantiation 'std::_Ref_count_obj<_Ty>::_Ref_count_obj<std::shared_ptr<Shaders>&,std::shared_ptr<Font>&,const char(&)[10],TEXT_COLOR,double>(std::shared_ptr<Shaders> &,std::shared_ptr<Font> &,const char (&)[10],TEXT_COLOR &&,double &&)' being compiled
          with
          [
              _Ty=Text
          ]
  c:\program files (x86)\microsoft visual studio 14.0\vc\include\memory(971): note: see reference to function template instantiation 'std::_Ref_count_obj<_Ty>::_Ref_count_obj<std::shared_ptr<Shaders>&,std::shared_ptr<Font>&,const char(&)[10],TEXT_COLOR,double>(std::shared_ptr<Shaders> &,std::shared_ptr<Font> &,const char (&)[10],TEXT_COLOR &&,double &&)' being compiled
          with
          [
              _Ty=Text
          ]
  e:\20201\thuctapgameloft\programming_lesson_06\trainingframework\src\gamestates\gsplay.cpp(41): note: see reference to function template instantiation 'std::shared_ptr<Text> std::make_shared<Text,std::shared_ptr<Shaders>&,std::shared_ptr<Font>&,const char(&)[10],TEXT_COLOR,double>(std::shared_ptr<Shaders> &,std::shared_ptr<Font> &,const char (&)[10],TEXT_COLOR &&,double &&)' being compiled
  c:\program files (x86)\microsoft visual studio 14.0\vc\include\memory(439): note: see reference to class template instantiation 'std::_Ptr_base<_Ty>' being compiled
          with
          [
              _Ty=GameButton
          ]
  e:\20201\thuctapgameloft\programming_lesson_06\trainingframework\src\gamestates\gsplay.cpp(11): note: see reference to class template instantiation 'std::shared_ptr<GameButton>' being compiled
  TrainingFramework.vcxproj -> E:\20201\ThucTapGameLoft\Programming_lesson_06\\BIN-Nvidia\TrainingFramework.exe
  TrainingFramework.vcxproj -> E:\20201\ThucTapGameLoft\Programming_lesson_06\\BIN-Nvidia\TrainingFramework.pdb (Full PDB)
